<?xml version="1.0" encoding="UTF-8"?>
<!-- Generated by org.testng.reporters.JUnitReportReporter -->
<testsuite hostname="Marolix" failures="0" tests="2" name="com.Testcases.HomeTest" time="0.013" errors="0" timestamp="3 Mar 2023 06:49:41 GMT">
  <testcase classname="com.Testcases.HomeTest" name="ab" time="0.011"/>
  <testcase classname="com.Testcases.HomeTest" name="bc" time="0.002"/>
</testsuite> <!-- com.Testcases.HomeTest -->
